Performing C SOURCE FILE Test CMAKE_HAVE_LIBC_PTHREAD failed with the following output:
Change Dir: E:/github/c++/cpplearn/project/CodingInterviewChinese2/out/build/x64-Debug/CMakeFiles/CMakeScratch/TryCompile-63eccp

Run Build Command(s):C:/Program Files/Microsoft Visual Studio/2022/Community/Common7/IDE/CommonExtensions/Microsoft/CMake/Ninja/ninja.exe cmTC_e5493 && [1/2] Building C object CMakeFiles\cmTC_e5493.dir\src.c.obj
FAILED: CMakeFiles/cmTC_e5493.dir/src.c.obj 
C:\PROGRA~1\MIB055~1\2022\COMMUN~1\VC\Tools\MSVC\1435~1.322\bin\Hostx64\x64\cl.exe  /nologo -DCMAKE_HAVE_LIBC_PTHREAD  /DWIN32 /D_WINDOWS  /Zi /Ob0 /Od /RTC1 -MDd /showIncludes /FoCMakeFiles\cmTC_e5493.dir\src.c.obj /FdCMakeFiles\cmTC_e5493.dir\ /FS -c E:\github\c++\cpplearn\project\CodingInterviewChinese2\out\build\x64-Debug\CMakeFiles\CMakeScratch\TryCompile-63eccp\src.c
E:\github\c++\cpplearn\project\CodingInterviewChinese2\out\build\x64-Debug\CMakeFiles\CMakeScratch\TryCompile-63eccp\src.c(1): fatal error C1083: 无法打开包括文件: “pthread.h”: No such file or directory
ninja: build stopped: subcommand failed.


Source file was:
#include <pthread.h>

static void* test_func(void* data)
{
  return data;
}

int main(void)
{
  pthread_t thread;
  pthread_create(&thread, NULL, test_func, NULL);
  pthread_detach(thread);
  pthread_cancel(thread);
  pthread_join(thread, NULL);
  pthread_atfork(NULL, NULL, NULL);
  pthread_exit(NULL);

  return 0;
}


Determining if the function pthread_create exists in the pthreads failed with the following output:
Change Dir: E:/github/c++/cpplearn/project/CodingInterviewChinese2/out/build/x64-Debug/CMakeFiles/CMakeScratch/TryCompile-8gufp2

Run Build Command(s):C:/Program Files/Microsoft Visual Studio/2022/Community/Common7/IDE/CommonExtensions/Microsoft/CMake/Ninja/ninja.exe cmTC_8cbd8 && [1/2] Building C object CMakeFiles\cmTC_8cbd8.dir\CheckFunctionExists.c.obj
[2/2] Linking C executable cmTC_8cbd8.exe
FAILED: cmTC_8cbd8.exe 
cmd.exe /C "cd . && "C:\Program Files\Microsoft Visual Studio\2022\Community\Common7\IDE\CommonExtensions\Microsoft\CMake\CMake\bin\cmake.exe" -E vs_link_exe --intdir=CMakeFiles\cmTC_8cbd8.dir --rc=C:\PROGRA~2\WI3CF2~1\10\bin\100220~1.0\x64\rc.exe --mt=C:\PROGRA~2\WI3CF2~1\10\bin\100220~1.0\x64\mt.exe --manifests  -- C:\PROGRA~1\MIB055~1\2022\COMMUN~1\VC\Tools\MSVC\1435~1.322\bin\Hostx64\x64\link.exe /nologo CMakeFiles\cmTC_8cbd8.dir\CheckFunctionExists.c.obj  /out:cmTC_8cbd8.exe /implib:cmTC_8cbd8.lib /pdb:cmTC_8cbd8.pdb /version:0.0 /machine:x64  /debug /INCREMENTAL /subsystem:console  pthreads.lib  kernel32.lib user32.lib gdi32.lib winspool.lib shell32.lib ole32.lib oleaut32.lib uuid.lib comdlg32.lib advapi32.lib && cd ."
LINK Pass 1: command "C:\PROGRA~1\MIB055~1\2022\COMMUN~1\VC\Tools\MSVC\1435~1.322\bin\Hostx64\x64\link.exe /nologo CMakeFiles\cmTC_8cbd8.dir\CheckFunctionExists.c.obj /out:cmTC_8cbd8.exe /implib:cmTC_8cbd8.lib /pdb:cmTC_8cbd8.pdb /version:0.0 /machine:x64 /debug /INCREMENTAL /subsystem:console pthreads.lib kernel32.lib user32.lib gdi32.lib winspool.lib shell32.lib ole32.lib oleaut32.lib uuid.lib comdlg32.lib advapi32.lib /MANIFEST /MANIFESTFILE:CMakeFiles\cmTC_8cbd8.dir/intermediate.manifest CMakeFiles\cmTC_8cbd8.dir/manifest.res" failed (exit code 1104) with the following output:
LINK : fatal error LNK1104: 无法打开文件“pthreads.lib”
ninja: build stopped: subcommand failed.



Determining if the function pthread_create exists in the pthread failed with the following output:
Change Dir: E:/github/c++/cpplearn/project/CodingInterviewChinese2/out/build/x64-Debug/CMakeFiles/CMakeScratch/TryCompile-u76o7d

Run Build Command(s):C:/Program Files/Microsoft Visual Studio/2022/Community/Common7/IDE/CommonExtensions/Microsoft/CMake/Ninja/ninja.exe cmTC_bfbd7 && [1/2] Building C object CMakeFiles\cmTC_bfbd7.dir\CheckFunctionExists.c.obj
[2/2] Linking C executable cmTC_bfbd7.exe
FAILED: cmTC_bfbd7.exe 
cmd.exe /C "cd . && "C:\Program Files\Microsoft Visual Studio\2022\Community\Common7\IDE\CommonExtensions\Microsoft\CMake\CMake\bin\cmake.exe" -E vs_link_exe --intdir=CMakeFiles\cmTC_bfbd7.dir --rc=C:\PROGRA~2\WI3CF2~1\10\bin\100220~1.0\x64\rc.exe --mt=C:\PROGRA~2\WI3CF2~1\10\bin\100220~1.0\x64\mt.exe --manifests  -- C:\PROGRA~1\MIB055~1\2022\COMMUN~1\VC\Tools\MSVC\1435~1.322\bin\Hostx64\x64\link.exe /nologo CMakeFiles\cmTC_bfbd7.dir\CheckFunctionExists.c.obj  /out:cmTC_bfbd7.exe /implib:cmTC_bfbd7.lib /pdb:cmTC_bfbd7.pdb /version:0.0 /machine:x64  /debug /INCREMENTAL /subsystem:console  pthread.lib  kernel32.lib user32.lib gdi32.lib winspool.lib shell32.lib ole32.lib oleaut32.lib uuid.lib comdlg32.lib advapi32.lib && cd ."
LINK Pass 1: command "C:\PROGRA~1\MIB055~1\2022\COMMUN~1\VC\Tools\MSVC\1435~1.322\bin\Hostx64\x64\link.exe /nologo CMakeFiles\cmTC_bfbd7.dir\CheckFunctionExists.c.obj /out:cmTC_bfbd7.exe /implib:cmTC_bfbd7.lib /pdb:cmTC_bfbd7.pdb /version:0.0 /machine:x64 /debug /INCREMENTAL /subsystem:console pthread.lib kernel32.lib user32.lib gdi32.lib winspool.lib shell32.lib ole32.lib oleaut32.lib uuid.lib comdlg32.lib advapi32.lib /MANIFEST /MANIFESTFILE:CMakeFiles\cmTC_bfbd7.dir/intermediate.manifest CMakeFiles\cmTC_bfbd7.dir/manifest.res" failed (exit code 1104) with the following output:
LINK : fatal error LNK1104: 无法打开文件“pthread.lib”
ninja: build stopped: subcommand failed.



