Performing C SOURCE FILE Test CMAKE_HAVE_LIBC_PTHREAD failed with the following output:
Change Dir: E:/github/c++/cpplearn/project/CodingInterviewChinese2/cmake-build-debug/CMakeFiles/CMakeTmp

Run Build Command(s):D:/JetBrains/apps/CLion/ch-0/223.8836.42/bin/ninja/win/x64/ninja.exe cmTC_00acd && [1/2] Building C object CMakeFiles\cmTC_00acd.dir\src.c.obj
FAILED: CMakeFiles/cmTC_00acd.dir/src.c.obj 
C:\PROGRA~1\MIB055~1\2022\COMMUN~1\VC\Tools\MSVC\1435~1.322\bin\Hostx64\x64\cl.exe  /nologo -DCMAKE_HAVE_LIBC_PTHREAD  /DWIN32 /D_WINDOWS  /Zi /Ob0 /Od /RTC1 -MDd /showIncludes /FoCMakeFiles\cmTC_00acd.dir\src.c.obj /FdCMakeFiles\cmTC_00acd.dir\ /FS -c E:\github\c++\cpplearn\project\CodingInterviewChinese2\cmake-build-debug\CMakeFiles\CMakeTmp\src.c
E:\github\c++\cpplearn\project\CodingInterviewChinese2\cmake-build-debug\CMakeFiles\CMakeTmp\src.c(1): fatal error C1083: 无法打开包括文件: “pthread.h”: No such file or directory
ninja: build stopped: subcommand failed.


Source file was:
#include <pthread.h>

static void* test_func(void* data)
{
  return data;
}

int main(void)
{
  pthread_t thread;
  pthread_create(&thread, NULL, test_func, NULL);
  pthread_detach(thread);
  pthread_cancel(thread);
  pthread_join(thread, NULL);
  pthread_atfork(NULL, NULL, NULL);
  pthread_exit(NULL);

  return 0;
}

Determining if the function pthread_create exists in the pthreads failed with the following output:
Change Dir: E:/github/c++/cpplearn/project/CodingInterviewChinese2/cmake-build-debug/CMakeFiles/CMakeTmp

Run Build Command(s):D:/JetBrains/apps/CLion/ch-0/223.8836.42/bin/ninja/win/x64/ninja.exe cmTC_e5309 && [1/2] Building C object CMakeFiles\cmTC_e5309.dir\CheckFunctionExists.c.obj
[2/2] Linking C executable cmTC_e5309.exe
FAILED: cmTC_e5309.exe 
cmd.exe /C "cd . && D:\JetBrains\apps\CLion\ch-0\223.8836.42\bin\cmake\win\x64\bin\cmake.exe -E vs_link_exe --intdir=CMakeFiles\cmTC_e5309.dir --rc=C:\PROGRA~2\WI3CF2~1\10\bin\100220~1.0\x64\rc.exe --mt=C:\PROGRA~2\WI3CF2~1\10\bin\100220~1.0\x64\mt.exe --manifests  -- C:\PROGRA~1\MIB055~1\2022\COMMUN~1\VC\Tools\MSVC\1435~1.322\bin\Hostx64\x64\link.exe /nologo CMakeFiles\cmTC_e5309.dir\CheckFunctionExists.c.obj  /out:cmTC_e5309.exe /implib:cmTC_e5309.lib /pdb:cmTC_e5309.pdb /version:0.0 /machine:x64  /debug /INCREMENTAL /subsystem:console  pthreads.lib  kernel32.lib user32.lib gdi32.lib winspool.lib shell32.lib ole32.lib oleaut32.lib uuid.lib comdlg32.lib advapi32.lib && cd ."
LINK Pass 1: command "C:\PROGRA~1\MIB055~1\2022\COMMUN~1\VC\Tools\MSVC\1435~1.322\bin\Hostx64\x64\link.exe /nologo CMakeFiles\cmTC_e5309.dir\CheckFunctionExists.c.obj /out:cmTC_e5309.exe /implib:cmTC_e5309.lib /pdb:cmTC_e5309.pdb /version:0.0 /machine:x64 /debug /INCREMENTAL /subsystem:console pthreads.lib kernel32.lib user32.lib gdi32.lib winspool.lib shell32.lib ole32.lib oleaut32.lib uuid.lib comdlg32.lib advapi32.lib /MANIFEST /MANIFESTFILE:CMakeFiles\cmTC_e5309.dir/intermediate.manifest CMakeFiles\cmTC_e5309.dir/manifest.res" failed (exit code 1104) with the following output:
LINK : fatal error LNK1104: 无法打开文件“pthreads.lib”
ninja: build stopped: subcommand failed.



Determining if the function pthread_create exists in the pthread failed with the following output:
Change Dir: E:/github/c++/cpplearn/project/CodingInterviewChinese2/cmake-build-debug/CMakeFiles/CMakeTmp

Run Build Command(s):D:/JetBrains/apps/CLion/ch-0/223.8836.42/bin/ninja/win/x64/ninja.exe cmTC_c43dc && [1/2] Building C object CMakeFiles\cmTC_c43dc.dir\CheckFunctionExists.c.obj
[2/2] Linking C executable cmTC_c43dc.exe
FAILED: cmTC_c43dc.exe 
cmd.exe /C "cd . && D:\JetBrains\apps\CLion\ch-0\223.8836.42\bin\cmake\win\x64\bin\cmake.exe -E vs_link_exe --intdir=CMakeFiles\cmTC_c43dc.dir --rc=C:\PROGRA~2\WI3CF2~1\10\bin\100220~1.0\x64\rc.exe --mt=C:\PROGRA~2\WI3CF2~1\10\bin\100220~1.0\x64\mt.exe --manifests  -- C:\PROGRA~1\MIB055~1\2022\COMMUN~1\VC\Tools\MSVC\1435~1.322\bin\Hostx64\x64\link.exe /nologo CMakeFiles\cmTC_c43dc.dir\CheckFunctionExists.c.obj  /out:cmTC_c43dc.exe /implib:cmTC_c43dc.lib /pdb:cmTC_c43dc.pdb /version:0.0 /machine:x64  /debug /INCREMENTAL /subsystem:console  pthread.lib  kernel32.lib user32.lib gdi32.lib winspool.lib shell32.lib ole32.lib oleaut32.lib uuid.lib comdlg32.lib advapi32.lib && cd ."
LINK Pass 1: command "C:\PROGRA~1\MIB055~1\2022\COMMUN~1\VC\Tools\MSVC\1435~1.322\bin\Hostx64\x64\link.exe /nologo CMakeFiles\cmTC_c43dc.dir\CheckFunctionExists.c.obj /out:cmTC_c43dc.exe /implib:cmTC_c43dc.lib /pdb:cmTC_c43dc.pdb /version:0.0 /machine:x64 /debug /INCREMENTAL /subsystem:console pthread.lib kernel32.lib user32.lib gdi32.lib winspool.lib shell32.lib ole32.lib oleaut32.lib uuid.lib comdlg32.lib advapi32.lib /MANIFEST /MANIFESTFILE:CMakeFiles\cmTC_c43dc.dir/intermediate.manifest CMakeFiles\cmTC_c43dc.dir/manifest.res" failed (exit code 1104) with the following output:
LINK : fatal error LNK1104: 无法打开文件“pthread.lib”
ninja: build stopped: subcommand failed.



